<?xml version="1.0" encoding="UTF-8"?>
<!-- Generated by org.testng.reporters.JUnitReportReporter -->
<testsuite hostname="THOTAV3-TL1" failures="0" tests="1" name="testcases.TC_001" time="26.671" errors="0" timestamp="2021-07-13T18:45:38 IST" skipped="0">
  <testcase classname="testcases.TC_001" name="tc_001" time="26.671"/>
  <system-out/>
</testsuite> <!-- testcases.TC_001 -->
